<?xml version="1.0" encoding="UTF-8"?>
<!-- Generated by org.testng.reporters.JUnitReportReporter -->
<testsuite hostname="HDLCAMPUS2237" failures="0" tests="1" name="com.resources.qa.testcases.FilterResourcesTest" time="100.467" errors="0" timestamp="2022-07-20T18:32:08 IST" skipped="0">
  <testcase classname="com.resources.qa.testcases.FilterResourcesTest" name="tileValidationCheck" time="100.467"/>
  <system-out/>
</testsuite> <!-- com.resources.qa.testcases.FilterResourcesTest -->
