<?xml version="1.0" encoding="UTF-8"?>
<!-- Generated by org.testng.reporters.JUnitReportReporter -->
<testsuite hostname="HDLCAMPUS2237" failures="0" tests="4" name="com.resources.qa.testcases.HomePageTest" time="29.407" errors="0" timestamp="2022-07-13T19:01:01 IST" skipped="0">
  <testcase classname="com.resources.qa.testcases.HomePageTest" name="homePageTitleTest" time="3.773"/>
  <system-out/>
  <testcase classname="com.resources.qa.testcases.HomePageTest" name="searchResourcesTest" time="9.382"/>
  <system-out/>
  <testcase classname="com.resources.qa.testcases.HomePageTest" name="filterResourcestab" time="8.470"/>
  <system-out/>
  <testcase classname="com.resources.qa.testcases.HomePageTest" name="Nanjinggtailtest" time="7.782"/>
  <system-out/>
</testsuite> <!-- com.resources.qa.testcases.HomePageTest -->
